2019-05-27 13:05:677 INFO  HomePage :20 - click on sign in or sign up
2019-05-27 13:05:986 INFO  NewSignUpPage :19 - Click on creat new Account
2019-05-27 13:05:996 INFO  HomePage :20 - click on sign in or sign up
2019-05-27 13:05:223 INFO  NewSignUpPage :19 - Click on creat new Account
2019-05-27 13:05:116 INFO  HomePage :20 - click on sign in or sign up
2019-05-27 13:05:371 INFO  NewSignUpPage :18 - Click on creat new Account
2019-05-27 16:05:772 INFO  HomePage :20 - click on sign in or sign up
2019-05-27 16:05:63 INFO  NewSignUpPage :22 - Click on creat new Account
2019-05-27 16:05:32 INFO  NewSignUpPage :26 - Send text to email field
2019-05-27 16:05:36 INFO  NewSignUpPage :30 - Enter to passowrd field
2019-05-27 16:05:184 INFO  NewSignUpPage :34 - Enter text to confirm password
2019-05-27 16:05:407 INFO  NewSignUpPage :38 - Click on creat button
2019-05-27 16:05:251 INFO  HomePage :20 - click on sign in or sign up
2019-05-27 16:05:453 INFO  NewSignUpPage :22 - Click on creat new Account
2019-05-27 16:05:197 INFO  NewSignUpPage :26 - Send text to email field
2019-05-27 16:05:915 INFO  NewSignUpPage :30 - Enter to passowrd field
2019-05-27 16:05:42 INFO  NewSignUpPage :34 - Enter text to confirm password
2019-05-27 16:05:201 INFO  NewSignUpPage :38 - Click on creat button
2019-05-27 16:05:487 INFO  HomePage :20 - click on sign in or sign up
2019-05-27 16:05:752 INFO  NewSignUpPage :23 - Click on creat new Account
2019-05-27 16:05:362 INFO  NewSignUpPage :27 - Send text to email field
2019-05-27 16:05:55 INFO  NewSignUpPage :31 - Enter to passowrd field
2019-05-27 16:05:183 INFO  NewSignUpPage :35 - Enter text to confirm password
2019-05-27 16:05:314 INFO  NewSignUpPage :39 - Click on creat button
2019-05-27 16:05:33 INFO  HomePage :20 - click on sign in or sign up
2019-05-27 16:05:301 INFO  NewSignUpPage :23 - Click on creat new Account
2019-05-27 16:05:851 INFO  NewSignUpPage :27 - Send text to email field
2019-05-27 16:05:729 INFO  NewSignUpPage :31 - Enter to passowrd field
2019-05-27 16:05:864 INFO  NewSignUpPage :35 - Enter text to confirm password
2019-05-27 16:05:985 INFO  NewSignUpPage :39 - Click on creat button
2019-05-27 17:05:482 INFO  SalePage :21 - Mouse hover on hot deals
2019-05-27 17:05:652 INFO  SalePage :25 - Click On Sale button
2019-05-27 17:05:541 INFO  SalePage :21 - Mouse hover on hot deals
2019-05-27 17:05:666 INFO  SalePage :25 - Click On Sale button
2019-05-27 17:05:172 INFO  SalePage :21 - Mouse hover on hot deals
2019-05-27 17:05:335 INFO  SalePage :25 - Click On Sale button
2019-05-27 17:05:574 INFO  SalePage :21 - Mouse hover on hot deals
2019-05-27 17:05:692 INFO  SalePage :25 - Click On Sale button
2019-05-27 17:05:39 INFO  SalePage :21 - Mouse hover on hot deals
2019-05-27 17:05:177 INFO  SalePage :25 - Click On Sale button
2019-05-27 17:05:46 INFO  SalePage :21 - Mouse hover on hot deals
2019-05-27 17:05:171 INFO  SalePage :34 - Mouse hover On Star Trek
2019-05-27 17:05:957 INFO  SalePage :21 - Mouse hover on hot deals
2019-05-27 17:05:68 INFO  SalePage :25 - Click On Sale button
2019-05-27 17:05:670 INFO  SalePage :21 - Mouse hover on hot deals
2019-05-27 17:05:839 INFO  SalePage :25 - Click On Sale button
2019-05-27 17:05:734 INFO  SalePage :30 - click On Star Trek
2019-05-27 17:05:40 INFO  SalePage :38 - getting text from product bar
2019-05-27 17:05:802 INFO  SalePage :21 - Mouse hover on hot deals
2019-05-27 17:05:914 INFO  SalePage :25 - Click On Sale button
2019-05-27 17:05:233 INFO  SalePage :30 - click On Star Trek
2019-05-27 17:05:406 INFO  SalePage :38 - getting text from product bar
2019-05-27 17:05:43 INFO  SalePage :21 - Mouse hover on hot deals
2019-05-27 17:05:147 INFO  SalePage :25 - Click On Sale button
2019-05-27 17:05:485 INFO  SalePage :30 - click On Star Trek
2019-05-27 17:05:669 INFO  SalePage :38 - getting text from product bar
2019-05-28 18:05:367 INFO  HomePage :20 - click on sign in or sign up
2019-05-28 18:05:559 INFO  NewSignUpPage :23 - Click on creat new Account
2019-05-28 18:05:146 INFO  NewSignUpPage :30 - Send text to email field
2019-05-28 18:05:851 INFO  NewSignUpPage :34 - Enter to passowrd field
2019-05-28 18:05:964 INFO  NewSignUpPage :38 - Enter text to confirm password
2019-05-28 18:05:81 INFO  NewSignUpPage :42 - Click on creat button
2019-05-29 07:05:878 INFO  HomePage :20 - click on sign in or sign up
2019-05-29 07:05:134 INFO  NewSignUpPage :23 - Click on creat new Account
2019-05-29 07:05:645 INFO  NewSignUpPage :30 - Send text to email field
2019-05-29 07:05:461 INFO  NewSignUpPage :34 - Enter to passowrd field
2019-05-29 07:05:593 INFO  NewSignUpPage :38 - Enter text to confirm password
2019-05-29 07:05:716 INFO  NewSignUpPage :42 - Click on creat button
2019-05-29 07:05:403 INFO  HomePage :20 - click on sign in or sign up
2019-05-29 07:05:582 INFO  NewSignUpPage :23 - Click on creat new Account
2019-05-29 07:05:74 INFO  NewSignUpPage :30 - Send text to email field
2019-05-29 07:05:753 INFO  NewSignUpPage :34 - Enter to passowrd field
2019-05-29 07:05:879 INFO  NewSignUpPage :38 - Enter text to confirm password
2019-05-29 07:05:974 INFO  NewSignUpPage :42 - Click on creat button
